\BOOKMARK [1][-]{section.1}{\376\377\000I\000n\000t\000r\000o\000d\000u\000z\000i\000o\000n\000e}{}% 1
\BOOKMARK [2][-]{subsection.1.1}{\376\377\000D\000e\000f\000i\000n\000i\000z\000i\000o\000n\000i\000\040\000f\000o\000n\000d\000a\000m\000e\000n\000t\000a\000l\000i}{section.1}% 2
\BOOKMARK [3][-]{subsubsection.1.1.1}{\376\377\000L\000a\000b\000e\000l\000\040\000s\000e\000t\000\040\000Y}{subsection.1.1}% 3
\BOOKMARK [3][-]{subsubsection.1.1.2}{\376\377\000L\000o\000s\000s\000\040\000f\000u\000n\000c\000t\000i\000o\000n\000\040\000l}{subsection.1.1}% 4
\BOOKMARK [3][-]{subsubsection.1.1.3}{\376\377\000D\000a\000t\000a\000\040\000d\000o\000m\000a\000i\000n\000\040\000X}{subsection.1.1}% 5
\BOOKMARK [3][-]{subsubsection.1.1.4}{\376\377\000P\000r\000e\000d\000i\000t\000t\000o\000r\000i\000\040\000f}{subsection.1.1}% 6
\BOOKMARK [3][-]{subsubsection.1.1.5}{\376\377\000E\000s\000e\000m\000p\000i}{subsection.1.1}% 7
\BOOKMARK [3][-]{subsubsection.1.1.6}{\376\377\000T\000e\000s\000t\000\040\000s\000e\000t\000\040\000e\000\040\000t\000e\000s\000t\000\040\000e\000r\000r\000o\000r}{subsection.1.1}% 8
\BOOKMARK [3][-]{subsubsection.1.1.7}{\376\377\000L\000e\000a\000r\000n\000i\000n\000g\000\040\000a\000l\000g\000o\000r\000i\000t\000h\000m\000\040\000A}{subsection.1.1}% 9
\BOOKMARK [3][-]{subsubsection.1.1.8}{\376\377\000T\000r\000a\000i\000n\000i\000n\000g\000\040\000e\000r\000r\000o\000r\000\040\000l}{subsection.1.1}% 10
\BOOKMARK [2][-]{subsection.1.2}{\376\377\000E\000m\000p\000i\000r\000i\000c\000a\000l\000\040\000R\000i\000s\000k\000\040\000M\000i\000n\000i\000m\000i\000z\000a\000t\000i\000o\000n\000\040\000\050\000E\000R\000M\000\051}{section.1}% 11
\BOOKMARK [3][-]{subsubsection.1.2.1}{\376\377\000D\000e\000f\000i\000n\000i\000z\000i\000o\000n\000e}{subsection.1.2}% 12
\BOOKMARK [3][-]{subsubsection.1.2.2}{\376\377\000P\000r\000e\000d\000i\000t\000t\000o\000r\000i\000\040\000c\000o\000n\000\040\000t\000e\000s\000t\000\040\000e\000r\000r\000o\000r\000\040\000e\000l\000e\000v\000a\000t\000o}{subsection.1.2}% 13
\BOOKMARK [3][-]{subsubsection.1.2.3}{\376\377\000O\000v\000e\000r\000f\000i\000t\000t\000i\000n\000g\000\040\000e\000\040\000u\000n\000d\000e\000r\000f\000i\000t\000t\000i\000n\000g}{subsection.1.2}% 14
\BOOKMARK [3][-]{subsubsection.1.2.4}{\376\377\000E\000t\000i\000c\000h\000e\000t\000t\000e\000\040\000r\000u\000m\000o\000r\000o\000s\000e}{subsection.1.2}% 15
\BOOKMARK [1][-]{section.2}{\376\377\000G\000l\000i\000\040\000a\000l\000g\000o\000r\000i\000t\000m\000i\000\040\000N\000e\000a\000r\000e\000s\000t\000\040\000N\000e\000i\000g\000h\000b\000o\000r}{}% 16
\BOOKMARK [2][-]{subsection.2.1}{\376\377\000N\000e\000a\000r\000e\000s\000t\000\040\000N\000e\000i\000g\000h\000b\000o\000r\000\040\000\050\000N\000N\000\051}{section.2}% 17
\BOOKMARK [3][-]{subsubsection.2.1.1}{\376\377\000D\000e\000f\000i\000n\000i\000z\000i\000o\000n\000e}{subsection.2.1}% 18
\BOOKMARK [3][-]{subsubsection.2.1.2}{\376\377\000E\000f\000f\000i\000c\000i\000e\000n\000z\000a\000\040\000e\000d\000\040\000e\000f\000f\000i\000c\000a\000c\000i\000a}{subsection.2.1}% 19
\BOOKMARK [2][-]{subsection.2.2}{\376\377\000k\000-\000N\000N}{section.2}% 20
\BOOKMARK [3][-]{subsubsection.2.2.1}{\376\377\000D\000e\000f\000i\000n\000i\000z\000i\000o\000n\000e}{subsection.2.2}% 21
\BOOKMARK [3][-]{subsubsection.2.2.2}{\376\377\000E\000f\000f\000i\000c\000i\000e\000n\000z\000a\000\040\000e\000d\000\040\000e\000f\000f\000i\000c\000a\000c\000i\000a}{subsection.2.2}% 22
\BOOKMARK [1][-]{section.3}{\376\377\000T\000r\000e\000e\000\040\000P\000r\000e\000d\000i\000c\000t\000o\000r\000s}{}% 23
\BOOKMARK [2][-]{subsection.3.1}{\376\377\000D\000e\000f\000i\000n\000i\000z\000i\000o\000n\000e}{section.3}% 24
\BOOKMARK [2][-]{subsection.3.2}{\376\377\000C\000o\000s\000t\000r\000u\000z\000i\000o\000n\000e\000\040\000d\000i\000\040\000u\000n\000\040\000t\000r\000e\000e\000\040\000p\000r\000e\000d\000i\000c\000t\000o\000r}{section.3}% 25
\BOOKMARK [3][-]{subsubsection.3.2.1}{\376\377\000I\000d\000e\000a\000\040\000g\000e\000n\000e\000r\000a\000l\000e}{subsection.3.2}% 26
\BOOKMARK [3][-]{subsubsection.3.2.2}{\376\377\000T\000r\000a\000i\000n\000i\000n\000g\000\040\000e\000r\000r\000o\000r}{subsection.3.2}% 27
\BOOKMARK [3][-]{subsubsection.3.2.3}{\376\377\000C\000r\000e\000s\000c\000i\000t\000a\000\040\000d\000e\000l\000l\000'\000a\000l\000b\000e\000r\000o\000\040\000e\000\040\000t\000r\000a\000i\000n\000i\000n\000g\000\040\000e\000r\000r\000o\000r}{subsection.3.2}% 28
\BOOKMARK [3][-]{subsubsection.3.2.4}{\376\377\000A\000l\000g\000o\000r\000i\000t\000m\000o\000\040\000g\000e\000n\000e\000r\000a\000l\000e}{subsection.3.2}% 29
\BOOKMARK [2][-]{subsection.3.3}{\376\377\000O\000v\000e\000r\000f\000i\000t\000t\000i\000n\000g}{section.3}% 30
\BOOKMARK [2][-]{subsection.3.4}{\376\377\000I\000n\000t\000e\000r\000p\000r\000e\000t\000a\000b\000i\000l\000i\000t\000\340}{section.3}% 31
\BOOKMARK [1][-]{section.4}{\376\377\000S\000t\000a\000t\000i\000s\000t\000i\000c\000a\000l\000\040\000L\000e\000a\000r\000n\000i\000n\000g}{}% 32
\BOOKMARK [2][-]{subsection.4.1}{\376\377\000D\000e\000f\000i\000n\000i\000z\000i\000o\000n\000i}{section.4}% 33
\BOOKMARK [3][-]{subsubsection.4.1.1}{\376\377\000R\000i\000s\000c\000h\000i\000o\000\040\000s\000t\000a\000t\000i\000s\000t\000i\000c\000o\000\040\000l\000D}{subsection.4.1}% 34
\BOOKMARK [3][-]{subsubsection.4.1.2}{\376\377\000P\000r\000e\000d\000i\000t\000t\000o\000r\000e\000\040\000o\000t\000t\000i\000m\000o\000\040\000d\000i\000\040\000B\000a\000y\000e\000s\000\040\000f\000*}{subsection.4.1}% 35
\BOOKMARK [3][-]{subsubsection.4.1.3}{\376\377\000R\000i\000s\000c\000h\000i\000o\000\040\000c\000o\000n\000d\000i\000z\000i\000o\000n\000a\000t\000o}{subsection.4.1}% 36
\BOOKMARK [3][-]{subsubsection.4.1.4}{\376\377\000R\000i\000s\000c\000h\000i\000o\000\040\000d\000i\000\040\000B\000a\000y\000e\000s\000\040\000l\000D\000F\000*}{subsection.4.1}% 37
\BOOKMARK [2][-]{subsection.4.2}{\376\377\000f\000*\000\040\000e\000\040\000l\000D\000*\000\040\000n\000e\000l\000l\000e\000\040\000v\000a\000r\000i\000e\000\040\000l\000o\000s\000s\000\040\000f\000u\000n\000c\000t\000i\000o\000n}{section.4}% 38
\BOOKMARK [3][-]{subsubsection.4.2.1}{\376\377\000Q\000u\000a\000d\000r\000a\000t\000i\000c\000\040\000l\000o\000s\000s}{subsection.4.2}% 39
\BOOKMARK [3][-]{subsubsection.4.2.2}{\376\377\000Z\000e\000r\000o\000-\000o\000n\000e\000\040\000l\000o\000s\000s}{subsection.4.2}% 40
